#
# A fatal error has been detected by the Java Runtime Environment:
#
#  EXCEPTION_ACCESS_VIOLATION (0xc0000005) at pc=0x00000000672fb0f0, pid=16212, tid=0x00000000000017f8
#
# JRE version: OpenJDK Runtime Environment (8.0_112-b06) (build 1.8.0_112-release-b06)
# Java VM: OpenJDK 64-Bit Server VM (25.112-b06 mixed mode windows-amd64 compressed oops)
# Problematic frame:
# V  [jvm.dll+0x46b0f0]
#
# Failed to write core dump. Minidumps are not enabled by default on client versions of Windows
#
# If you would like to submit a bug report, please visit:
#   http://bugreport.java.com/bugreport/crash.jsp
#

---------------  T H R E A D  ---------------

Current thread (0x00000000166be000):  JavaThread "C2 CompilerThread0" daemon [_thread_in_native, id=6136, stack(0x0000000017d10000,0x0000000017e10000)]

siginfo: ExceptionCode=0xc0000005, reading address 0x0000000066652010

Registers:
RAX=0x0000000000000000, RBX=0x000000002030a8d0, RCX=0x0000000066652010, RDX=0x0000000000000000
RSP=0x0000000017e0c140, RBP=0x000000000000001b, RSI=0x00000000000000d8, RDI=0x0000000017e0c190
R8 =0x0000000000008000, R9 =0x0000000019291c80, R10=0x0000000066e90000, R11=0x0000000017e0c060
R12=0x0000000067652010, R13=0x0000000066e90000, R14=0x00000000166fad58, R15=0x00000000000003d8
RIP=0x00000000672fb0f0, EFLAGS=0x0000000000010246

Top of Stack: (sp=0x0000000017e0c140)
0x0000000017e0c140:   0000000017e0e920 000000002030a650
0x0000000017e0c150:   fffffffffffffff8 0000000016685c10
0x0000000017e0c160:   0000000000001e6f 00000000672f61bf
0x0000000017e0c170:   0000000020385cb0 000000002030a8d0
0x0000000017e0c180:   0000000000001e6f 0000000017e0c270
0x0000000017e0c190:   000011f900000000 0000000000000008
0x0000000017e0c1a0:   0000000066652010 0000000000000012
0x0000000017e0c1b0:   00000000194835b8 0000000000000037
0x0000000017e0c1c0:   00000000203875b0 0000000017e0c560
0x0000000017e0c1d0:   00000000166fa980 0000000017e0c560
0x0000000017e0c1e0:   00000000166fa970 00000000672c2ad6
0x0000000017e0c1f0:   0000000017e0c670 0000000017e0c2f0
0x0000000017e0c200:   0000000000000000 0000000000000009
0x0000000017e0c210:   0000000000000002 00000000166fa970
0x0000000017e0c220:   000000001928ea20 0000000019291d30
0x0000000017e0c230:   0000000019296a08 0000000000ec6d38 

Instructions: (pc=0x00000000672fb0f0)
0x00000000672fb0d0:   48 8b 4f 20 48 39 04 0e 0f 84 9d 00 00 00 48 8b
0x00000000672fb0e0:   0c 0e 33 d2 33 c0 48 89 4f 10 66 0f 1f 44 00 00
0x00000000672fb0f0:   83 3c 08 00 0f 85 36 01 00 00 ff c2 48 83 c0 04
0x00000000672fb100:   83 fa 08 72 eb 48 8b 47 30 48 89 44 24 30 48 85 


Register to memory mapping:

RAX=0x0000000000000000 is an unknown value
RBX=0x000000002030a8d0 is an unknown value
RCX=0x0000000066652010 is an unknown value
RDX=0x0000000000000000 is an unknown value
RSP=0x0000000017e0c140 is pointing into the stack for thread: 0x00000000166be000
RBP=0x000000000000001b is an unknown value
RSI=0x00000000000000d8 is an unknown value
RDI=0x0000000017e0c190 is pointing into the stack for thread: 0x00000000166be000
R8 =0x0000000000008000 is an unknown value
R9 =0x0000000019291c80 is an unknown value
R10=0x0000000066e90000 is an unknown value
R11=0x0000000017e0c060 is pointing into the stack for thread: 0x00000000166be000
R12=0x0000000067652010 is an unknown value
R13=0x0000000066e90000 is an unknown value
R14=0x00000000166fad58 is an unknown value
R15=0x00000000000003d8 is an unknown value


Stack: [0x0000000017d10000,0x0000000017e10000],  sp=0x0000000017e0c140,  free space=1008k
Native frames: (J=compiled Java code, j=interpreted, Vv=VM code, C=native code)
V  [jvm.dll+0x46b0f0]
V  [jvm.dll+0x4661bf]
V  [jvm.dll+0x432ad6]
V  [jvm.dll+0x43d6bb]
V  [jvm.dll+0x43ff8e]
V  [jvm.dll+0x423242]
V  [jvm.dll+0x80b29]
V  [jvm.dll+0x8145f]
V  [jvm.dll+0x21be7f]
V  [jvm.dll+0x26c13a]
C  [msvcr100.dll+0x21d9f]
C  [msvcr100.dll+0x21e3b]
C  [KERNEL32.DLL+0x8364]
C  [ntdll.dll+0x670d1]


Current CompileTask:
C2:   7246 1886   !   4       java.net.URLClassLoader$1::run (63 bytes)


---------------  P R O C E S S  ---------------

Java Threads: ( => current thread )
  0x0000000019326800 JavaThread "Stdin handler" [_thread_blocked, id=9936, stack(0x000000001b050000,0x000000001b150000)]
  0x0000000019326000 JavaThread "Asynchronous log dispatcher for DefaultDaemonConnection: socket connection from /127.0.0.1:52393 to /127.0.0.1:52397" [_thread_blocked, id=6116, stack(0x000000001af50000,0x000000001b050000)]
  0x0000000019316000 JavaThread "Daemon worker" [_thread_in_Java, id=14824, stack(0x000000001ae50000,0x000000001af50000)]
  0x0000000019661000 JavaThread "Cancel handler" [_thread_blocked, id=11208, stack(0x000000001ad50000,0x000000001ae50000)]
  0x0000000019bd9800 JavaThread "pool-1-thread-1" [_thread_blocked, id=10084, stack(0x000000001ac50000,0x000000001ad50000)]
  0x000000001959f800 JavaThread "Handler for socket connection from /127.0.0.1:52393 to /127.0.0.1:52397" [_thread_in_native, id=8484, stack(0x000000001ab50000,0x000000001ac50000)]
  0x0000000019071800 JavaThread "Daemon" [_thread_blocked, id=9076, stack(0x000000001aa50000,0x000000001ab50000)]
  0x0000000018fe8000 JavaThread "Incoming local TCP Connector on port 52393" [_thread_in_native, id=6716, stack(0x0000000019de0000,0x0000000019ee0000)]
  0x000000001803b800 JavaThread "Service Thread" daemon [_thread_blocked, id=1824, stack(0x0000000018410000,0x0000000018510000)]
  0x00000000166d0000 JavaThread "C1 CompilerThread2" daemon [_thread_blocked, id=11832, stack(0x0000000017f10000,0x0000000018010000)]
  0x00000000166c1000 JavaThread "C2 CompilerThread1" daemon [_thread_in_native, id=12836, stack(0x0000000017e10000,0x0000000017f10000)]
=>0x00000000166be000 JavaThread "C2 CompilerThread0" daemon [_thread_in_native, id=6136, stack(0x0000000017d10000,0x0000000017e10000)]
  0x00000000166ba800 JavaThread "Attach Listener" daemon [_thread_blocked, id=3752, stack(0x0000000017c10000,0x0000000017d10000)]
  0x0000000002c7e800 JavaThread "Signal Dispatcher" daemon [_thread_blocked, id=14184, stack(0x0000000017b10000,0x0000000017c10000)]
  0x0000000002c76000 JavaThread "Finalizer" daemon [_thread_blocked, id=10360, stack(0x0000000017920000,0x0000000017a20000)]
  0x0000000002c70800 JavaThread "Reference Handler" daemon [_thread_blocked, id=9864, stack(0x0000000017820000,0x0000000017920000)]
  0x0000000002d4e000 JavaThread "main" [_thread_blocked, id=2968, stack(0x0000000002a50000,0x0000000002b50000)]

Other Threads:
  0x0000000016685000 VMThread [stack: 0x0000000017720000,0x0000000017820000] [id=13180]
  0x0000000016705000 WatcherThread [stack: 0x0000000018510000,0x0000000018610000] [id=15100]

VM state:not at safepoint (normal execution)

VM Mutex/Monitor currently owned by a thread: None

Heap:
 PSYoungGen      total 36864K, used 16268K [0x00000000e0000000, 0x00000000e4180000, 0x0000000100000000)
  eden space 31744K, 36% used [0x00000000e0000000,0x00000000e0b78188,0x00000000e1f00000)
  from space 5120K, 88% used [0x00000000e1f00000,0x00000000e236af08,0x00000000e2400000)
  to   space 10752K, 0% used [0x00000000e3700000,0x00000000e3700000,0x00000000e4180000)
 ParOldGen       total 63488K, used 9415K [0x00000000a0000000, 0x00000000a3e00000, 0x00000000e0000000)
  object space 63488K, 14% used [0x00000000a0000000,0x00000000a0931c50,0x00000000a3e00000)
 Metaspace       used 24352K, capacity 24786K, committed 24960K, reserved 1071104K
  class space    used 3289K, capacity 3425K, committed 3456K, reserved 1048576K

Card table byte_map: [0x0000000012110000,0x0000000012420000] byte_map_base: 0x0000000011c10000

Marking Bits: (ParMarkBitMap*) 0x00000000676518f0
 Begin Bits: [0x0000000012a20000, 0x0000000014220000)
 End Bits:   [0x0000000014220000, 0x0000000015a20000)

Polling page: 0x0000000002b50000

CodeCache: size=245760Kb used=7588Kb max_used=7588Kb free=238171Kb
 bounds [0x0000000002d50000, 0x00000000034c0000, 0x0000000011d50000]
 total_blobs=2689 nmethods=2046 adapters=557
 compilation: enabled

Compilation events (10 events):
Event: 7.012 Thread 0x00000000166d0000 2008       3       sun.nio.cs.SingleByte::withResult (25 bytes)
Event: 7.012 Thread 0x00000000166d0000 nmethod 2008 0x0000000002e50b90 code [0x0000000002e50d20, 0x0000000002e51178]
Event: 7.052 Thread 0x00000000166d0000 2009       3       org.codehaus.plexus.util.xml.pull.MXParser::setNameStart (11 bytes)
Event: 7.052 Thread 0x00000000166d0000 nmethod 2009 0x0000000002e60890 code [0x0000000002e60a00, 0x0000000002e60c08]
Event: 7.052 Thread 0x00000000166d0000 2010       3       org.codehaus.plexus.util.xml.pull.MXParser::setName (7 bytes)
Event: 7.053 Thread 0x00000000166d0000 nmethod 2010 0x0000000003494f10 code [0x0000000003495080, 0x0000000003495250]
Event: 7.054 Thread 0x00000000166d0000 2011       3       org.codehaus.plexus.util.xml.pull.MXParser::more (79 bytes)
Event: 7.055 Thread 0x00000000166d0000 nmethod 2011 0x0000000003495350 code [0x00000000034954c0, 0x0000000003495788]
Event: 7.058 Thread 0x00000000166d0000 2012       1       org.gradle.internal.service.DefaultServiceRegistry$ClassSpec::getType (5 bytes)
Event: 7.058 Thread 0x00000000166d0000 nmethod 2012 0x0000000003495890 code [0x00000000034959e0, 0x0000000003495af0]

GC Heap History (10 events):
Event: 3.401 GC heap before
{Heap before GC invocations=2 (full 0):
 PSYoungGen      total 36864K, used 35802K [0x00000000e0000000, 0x00000000e2900000, 0x0000000100000000)
  eden space 31744K, 100% used [0x00000000e0000000,0x00000000e1f00000,0x00000000e1f00000)
  from space 5120K, 79% used [0x00000000e1f00000,0x00000000e22f6858,0x00000000e2400000)
  to   space 5120K, 0% used [0x00000000e2400000,0x00000000e2400000,0x00000000e2900000)
 ParOldGen       total 84992K, used 8K [0x00000000a0000000, 0x00000000a5300000, 0x00000000e0000000)
  object space 84992K, 0% used [0x00000000a0000000,0x00000000a0002000,0x00000000a5300000)
 Metaspace       used 12877K, capacity 13256K, committed 13440K, reserved 1060864K
  class space    used 1692K, capacity 1833K, committed 1920K, reserved 1048576K
Event: 3.416 GC heap after
Heap after GC invocations=2 (full 0):
 PSYoungGen      total 36864K, used 5113K [0x00000000e0000000, 0x00000000e2900000, 0x0000000100000000)
  eden space 31744K, 0% used [0x00000000e0000000,0x00000000e0000000,0x00000000e1f00000)
  from space 5120K, 99% used [0x00000000e2400000,0x00000000e28fe420,0x00000000e2900000)
  to   space 5120K, 0% used [0x00000000e1f00000,0x00000000e1f00000,0x00000000e2400000)
 ParOldGen       total 84992K, used 557K [0x00000000a0000000, 0x00000000a5300000, 0x00000000e0000000)
  object space 84992K, 0% used [0x00000000a0000000,0x00000000a008b6e8,0x00000000a5300000)
 Metaspace       used 12877K, capacity 13256K, committed 13440K, reserved 1060864K
  class space    used 1692K, capacity 1833K, committed 1920K, reserved 1048576K
}
Event: 4.300 GC heap before
{Heap before GC invocations=3 (full 0):
 PSYoungGen      total 36864K, used 36857K [0x00000000e0000000, 0x00000000e2900000, 0x0000000100000000)
  eden space 31744K, 100% used [0x00000000e0000000,0x00000000e1f00000,0x00000000e1f00000)
  from space 5120K, 99% used [0x00000000e2400000,0x00000000e28fe420,0x00000000e2900000)
  to   space 5120K, 0% used [0x00000000e1f00000,0x00000000e1f00000,0x00000000e2400000)
 ParOldGen       total 84992K, used 557K [0x00000000a0000000, 0x00000000a5300000, 0x00000000e0000000)
  object space 84992K, 0% used [0x00000000a0000000,0x00000000a008b6e8,0x00000000a5300000)
 Metaspace       used 15964K, capacity 16256K, committed 16512K, reserved 1062912K
  class space    used 2217K, capacity 2317K, committed 2432K, reserved 1048576K
Event: 4.313 GC heap after
Heap after GC invocations=3 (full 0):
 PSYoungGen      total 36864K, used 5104K [0x00000000e0000000, 0x00000000e2900000, 0x0000000100000000)
  eden space 31744K, 0% used [0x00000000e0000000,0x00000000e0000000,0x00000000e1f00000)
  from space 5120K, 99% used [0x00000000e1f00000,0x00000000e23fc098,0x00000000e2400000)
  to   space 5120K, 0% used [0x00000000e2400000,0x00000000e2400000,0x00000000e2900000)
 ParOldGen       total 84992K, used 2925K [0x00000000a0000000, 0x00000000a5300000, 0x00000000e0000000)
  object space 84992K, 3% used [0x00000000a0000000,0x00000000a02db718,0x00000000a5300000)
 Metaspace       used 15964K, capacity 16256K, committed 16512K, reserved 1062912K
  class space    used 2217K, capacity 2317K, committed 2432K, reserved 1048576K
}
Event: 5.386 GC heap before
{Heap before GC invocations=4 (full 0):
 PSYoungGen      total 36864K, used 29940K [0x00000000e0000000, 0x00000000e2900000, 0x0000000100000000)
  eden space 31744K, 78% used [0x00000000e0000000,0x00000000e1841238,0x00000000e1f00000)
  from space 5120K, 99% used [0x00000000e1f00000,0x00000000e23fc098,0x00000000e2400000)
  to   space 5120K, 0% used [0x00000000e2400000,0x00000000e2400000,0x00000000e2900000)
 ParOldGen       total 84992K, used 2925K [0x00000000a0000000, 0x00000000a5300000, 0x00000000e0000000)
  object space 84992K, 3% used [0x00000000a0000000,0x00000000a02db718,0x00000000a5300000)
 Metaspace       used 20825K, capacity 21100K, committed 21296K, reserved 1067008K
  class space    used 2755K, capacity 2865K, committed 2944K, reserved 1048576K
Event: 5.442 GC heap after
Heap after GC invocations=4 (full 0):
 PSYoungGen      total 36864K, used 5120K [0x00000000e0000000, 0x00000000e4800000, 0x0000000100000000)
  eden space 31744K, 0% used [0x00000000e0000000,0x00000000e0000000,0x00000000e1f00000)
  from space 5120K, 100% used [0x00000000e2400000,0x00000000e2900000,0x00000000e2900000)
  to   space 5120K, 0% used [0x00000000e1f00000,0x00000000e1f00000,0x00000000e2400000)
 ParOldGen       total 84992K, used 7379K [0x00000000a0000000, 0x00000000a5300000, 0x00000000e0000000)
  object space 84992K, 8% used [0x00000000a0000000,0x00000000a0734ca8,0x00000000a5300000)
 Metaspace       used 20825K, capacity 21100K, committed 21296K, reserved 1067008K
  class space    used 2755K, capacity 2865K, committed 2944K, reserved 1048576K
}
Event: 5.442 GC heap before
{Heap before GC invocations=5 (full 1):
 PSYoungGen      total 36864K, used 5120K [0x00000000e0000000, 0x00000000e4800000, 0x0000000100000000)
  eden space 31744K, 0% used [0x00000000e0000000,0x00000000e0000000,0x00000000e1f00000)
  from space 5120K, 100% used [0x00000000e2400000,0x00000000e2900000,0x00000000e2900000)
  to   space 5120K, 0% used [0x00000000e1f00000,0x00000000e1f00000,0x00000000e2400000)
 ParOldGen       total 84992K, used 7379K [0x00000000a0000000, 0x00000000a5300000, 0x00000000e0000000)
  object space 84992K, 8% used [0x00000000a0000000,0x00000000a0734ca8,0x00000000a5300000)
 Metaspace       used 20825K, capacity 21100K, committed 21296K, reserved 1067008K
  class space    used 2755K, capacity 2865K, committed 2944K, reserved 1048576K
Event: 5.561 GC heap after
Heap after GC invocations=5 (full 1):
 PSYoungGen      total 36864K, used 0K [0x00000000e0000000, 0x00000000e4800000, 0x0000000100000000)
  eden space 31744K, 0% used [0x00000000e0000000,0x00000000e0000000,0x00000000e1f00000)
  from space 5120K, 0% used [0x00000000e2400000,0x00000000e2400000,0x00000000e2900000)
  to   space 5120K, 0% used [0x00000000e1f00000,0x00000000e1f00000,0x00000000e2400000)
 ParOldGen       total 63488K, used 9415K [0x00000000a0000000, 0x00000000a3e00000, 0x00000000e0000000)
  object space 63488K, 14% used [0x00000000a0000000,0x00000000a0931c50,0x00000000a3e00000)
 Metaspace       used 20825K, capacity 21100K, committed 21296K, reserved 1067008K
  class space    used 2755K, capacity 2865K, committed 2944K, reserved 1048576K
}
Event: 6.802 GC heap before
{Heap before GC invocations=6 (full 1):
 PSYoungGen      total 36864K, used 31744K [0x00000000e0000000, 0x00000000e4800000, 0x0000000100000000)
  eden space 31744K, 100% used [0x00000000e0000000,0x00000000e1f00000,0x00000000e1f00000)
  from space 5120K, 0% used [0x00000000e2400000,0x00000000e2400000,0x00000000e2900000)
  to   space 5120K, 0% used [0x00000000e1f00000,0x00000000e1f00000,0x00000000e2400000)
 ParOldGen       total 63488K, used 9415K [0x00000000a0000000, 0x00000000a3e00000, 0x00000000e0000000)
  object space 63488K, 14% used [0x00000000a0000000,0x00000000a0931c50,0x00000000a3e00000)
 Metaspace       used 23648K, capacity 23946K, committed 24064K, reserved 1071104K
  class space    used 3184K, capacity 3294K, committed 3328K, reserved 1048576K
Event: 6.815 GC heap after
Heap after GC invocations=6 (full 1):
 PSYoungGen      total 36864K, used 4523K [0x00000000e0000000, 0x00000000e4180000, 0x0000000100000000)
  eden space 31744K, 0% used [0x00000000e0000000,0x00000000e0000000,0x00000000e1f00000)
  from space 5120K, 88% used [0x00000000e1f00000,0x00000000e236af08,0x00000000e2400000)
  to   space 10752K, 0% used [0x00000000e3700000,0x00000000e3700000,0x00000000e4180000)
 ParOldGen       total 63488K, used 9415K [0x00000000a0000000, 0x00000000a3e00000, 0x00000000e0000000)
  object space 63488K, 14% used [0x00000000a0000000,0x00000000a0931c50,0x00000000a3e00000)
 Metaspace       used 23648K, capacity 23946K, committed 24064K, reserved 1071104K
  class space    used 3184K, capacity 3294K, committed 3328K, reserved 1048576K
}

Deoptimization events (10 events):
Event: 5.252 Thread 0x0000000019316000 Uncommon trap: reason=class_check action=maybe_recompile pc=0x0000000002f231ac method=sun.misc.URLClassPath.getLoader(I)Lsun/misc/URLClassPath$Loader; @ 193
Event: 5.279 Thread 0x0000000019316000 Uncommon trap: reason=class_check action=maybe_recompile pc=0x0000000002f231ac method=sun.misc.URLClassPath.getLoader(I)Lsun/misc/URLClassPath$Loader; @ 193
Event: 5.333 Thread 0x0000000019316000 Uncommon trap: reason=class_check action=maybe_recompile pc=0x0000000002f231ac method=sun.misc.URLClassPath.getLoader(I)Lsun/misc/URLClassPath$Loader; @ 193
Event: 6.020 Thread 0x0000000019316000 Uncommon trap: reason=unstable_if action=reinterpret pc=0x00000000031bb660 method=java.util.HashMap.hash(Ljava/lang/Object;)I @ 1
Event: 6.204 Thread 0x0000000019316000 Uncommon trap: reason=unstable_if action=reinterpret pc=0x00000000031ae928 method=java.util.HashMap.hash(Ljava/lang/Object;)I @ 1
Event: 6.298 Thread 0x0000000019316000 Uncommon trap: reason=class_check action=maybe_recompile pc=0x0000000003426b00 method=java.lang.reflect.Method.equals(Ljava/lang/Object;)Z @ 5
Event: 6.301 Thread 0x0000000019316000 Uncommon trap: reason=class_check action=maybe_recompile pc=0x0000000003426b00 method=java.lang.reflect.Method.equals(Ljava/lang/Object;)Z @ 5
Event: 6.575 Thread 0x0000000019316000 Uncommon trap: reason=class_check action=maybe_recompile pc=0x0000000003426b00 method=java.lang.reflect.Method.equals(Ljava/lang/Object;)Z @ 5
Event: 6.575 Thread 0x0000000019316000 Uncommon trap: reason=class_check action=maybe_recompile pc=0x0000000003426b00 method=java.lang.reflect.Method.equals(Ljava/lang/Object;)Z @ 5
Event: 7.056 Thread 0x0000000019316000 Uncommon trap: reason=unstable_if action=reinterpret pc=0x0000000002fb3fc8 method=java.io.WinNTFileSystem.resolve(Ljava/lang/String;Ljava/lang/String;)Ljava/lang/String; @ 49

Internal exceptions (10 events):
Event: 6.020 Thread 0x0000000019316000 Implicit null exception at 0x00000000031bb455 to 0x00000000031bb651
Event: 6.204 Thread 0x0000000019316000 Implicit null exception at 0x00000000031ae49b to 0x00000000031ae915
Event: 6.594 Thread 0x0000000019316000 Exception <a 'java/lang/ClassNotFoundException': org/gradle/internal/metaobject/ConfigureDelegateBeanInfo> (0x00000000e18379c8) thrown at [C:\src\android\AOSP-openjdk\external\jetbrains\jdk\hotspot\src\share\vm\classfile\systemDictionary.cpp, line 210]
Event: 6.595 Thread 0x0000000019316000 Exception <a 'java/lang/ClassNotFoundException': org/gradle/internal/metaobject/ConfigureDelegateCustomizer> (0x00000000e1848b48) thrown at [C:\src\android\AOSP-openjdk\external\jetbrains\jdk\hotspot\src\share\vm\classfile\systemDictionary.cpp, line 210]
Event: 6.614 Thread 0x0000000019316000 Exception <a 'java/lang/ClassNotFoundException': org/gradle/api/internal/project/DefaultProject_DecoratedBeanInfo> (0x00000000e18f38a0) thrown at [C:\src\android\AOSP-openjdk\external\jetbrains\jdk\hotspot\src\share\vm\classfile\systemDictionary.cpp, line ˚ûÈèèu@
Event: 6.615 Thread 0x0000000019316000 Exception <a 'java/lang/ClassNotFoundException': org/gradle/api/internal/project/DefaultProjectBeanInfo> (0x00000000e1904f30) thrown at [C:\src\android\AOSP-openjdk\external\jetbrains\jdk\hotspot\src\share\vm\classfile\systemDictionary.cpp, line 210]
Event: 6.615 Thread 0x0000000019316000 Exception <a 'java/lang/ClassNotFoundException': org/gradle/api/internal/project/DefaultProjectCustomizer> (0x00000000e1916d90) thrown at [C:\src\android\AOSP-openjdk\external\jetbrains\jdk\hotspot\src\share\vm\classfile\systemDictionary.cpp, line 210]
Event: 6.627 Thread 0x0000000019316000 Exception <a 'java/lang/ClassNotFoundException': org/gradle/api/internal/project/DefaultProject_DecoratedCustomizer> (0x00000000e19d7648) thrown at [C:\src\android\AOSP-openjdk\external\jetbrains\jdk\hotspot\src\share\vm\classfile\systemDictionary.cpp, lin
Event: 6.681 Thread 0x0000000019316000 Exception <a 'java/lang/ClassNotFoundException': org/gradle/api/internal/initialization/DefaultScriptHandlerBeanInfo> (0x00000000e1ad1b60) thrown at [C:\src\android\AOSP-openjdk\external\jetbrains\jdk\hotspot\src\share\vm\classfile\systemDictionary.cpp, liÊ^‹µìπ@
Event: 6.681 Thread 0x0000000019316000 Exception <a 'java/lang/ClassNotFoundException': org/gradle/api/internal/initialization/DefaultScriptHandlerCustomizer> (0x00000000e1ae7268) thrown at [C:\src\android\AOSP-openjdk\external\jetbrains\jdk\hotspot\src\share\vm\classfile\systemDictionary.cpp, Î˘Bé@

Events (10 events):
Event: 7.067 loading class org/gradle/api/internal/artifacts/ivyservice/ivyresolve/parser/PomParent
Event: 7.067 loading class org/gradle/api/internal/artifacts/ivyservice/ivyresolve/parser/PomParent done
Event: 7.069 loading class org/gradle/internal/component/external/model/MutableMavenModuleResolveMetadata
Event: 7.069 loading class org/gradle/internal/component/external/model/MutableMavenModuleResolveMetadata done
Event: 7.070 loading class org/gradle/internal/component/external/model/MutableModuleComponentResolveMetadata
Event: 7.070 loading class org/gradle/internal/component/external/model/MutableModuleComponentResolveMetadata done
Event: 7.072 loading class org/gradle/api/internal/artifacts/ivyservice/ivyresolve/strategy/MavenVersionSelectorScheme
Event: 7.072 loading class org/gradle/api/internal/artifacts/ivyservice/ivyresolve/strategy/MavenVersionSelectorScheme done
Event: 7.074 loading class org/gradle/api/internal/artifacts/dsl/DefaultRepositoryHandler
Event: 7.074 loading class org/gradle/api/internal/artifacts/dsl/DefaultRepositoryHandler done


Dynamic libraries:
0x00007ff7aeb30000 - 0x00007ff7aeb61000 	C:\Program Files\Android\Android Studio\jre\bin\java.exe
0x00007ffe0ef10000 - 0x00007ffe0f0e1000 	C:\WINDOWS\SYSTEM32\ntdll.dll
0x00007ffe0e2c0000 - 0x00007ffe0e36b000 	C:\WINDOWS\System32\KERNEL32.DLL
0x00007ffde9bf0000 - 0x00007ffde9c23000 	C:\Program Files (x86)\AVG\Antivirus\x64\aswhooka.dll
0x00007ffe0b850000 - 0x00007ffe0ba6d000 	C:\WINDOWS\System32\KERNELBASE.dll
0x00007ffe0e210000 - 0x00007ffe0e2b2000 	C:\WINDOWS\System32\ADVAPI32.dll
0x00007ffe0e370000 - 0x00007ffe0e40e000 	C:\WINDOWS\System32\msvcrt.dll
0x00007ffe0df00000 - 0x00007ffe0df59000 	C:\WINDOWS\System32\sechost.dll
0x00007ffe0ddd0000 - 0x00007ffe0def1000 	C:\WINDOWS\System32\RPCRT4.dll
0x00007ffe0e500000 - 0x00007ffe0e665000 	C:\WINDOWS\System32\USER32.dll
0x00007ffe0b570000 - 0x00007ffe0b58e000 	C:\WINDOWS\System32\win32u.dll
0x00007ffe0dc00000 - 0x00007ffe0dc34000 	C:\WINDOWS\System32\GDI32.dll
0x00007ffe0b3e0000 - 0x00007ffe0b562000 	C:\WINDOWS\System32\gdi32full.dll
0x00007ffe02340000 - 0x00007ffe025ba000 	C:\WINDOWS\WinSxS\amd64_microsoft.windows.common-controls_6595b64144ccf1df_6.0.14393.953_none_42151e83c686086b\COMCTL32.dll
0x00007ffe0ec40000 - 0x00007ffe0ef08000 	C:\WINDOWS\System32\combase.dll
0x00007ffe0c2d0000 - 0x00007ffe0c3c5000 	C:\WINDOWS\System32\ucrtbase.dll
0x00007ffe0c260000 - 0x00007ffe0c2ca000 	C:\WINDOWS\System32\bcryptPrimitives.dll
0x00007ffe0c6b0000 - 0x00007ffe0c6de000 	C:\WINDOWS\System32\IMM32.DLL
0x0000000067c70000 - 0x0000000067d42000 	C:\Program Files\Android\Android Studio\jre\jre\bin\msvcr100.dll
0x0000000066e90000 - 0x00000000676cc000 	C:\Program Files\Android\Android Studio\jre\jre\bin\server\jvm.dll
0x00007ffe0dbf0000 - 0x00007ffe0dbf8000 	C:\WINDOWS\System32\PSAPI.DLL
0x00007ffe00080000 - 0x00007ffe00089000 	C:\WINDOWS\SYSTEM32\WSOCK32.dll
0x00007ffe0c480000 - 0x00007ffe0c4ea000 	C:\WINDOWS\System32\WS2_32.dll
0x00007ffe08e50000 - 0x00007ffe08e73000 	C:\WINDOWS\SYSTEM32\WINMM.dll
0x00007ffe09880000 - 0x00007ffe0988a000 	C:\WINDOWS\SYSTEM32\VERSION.dll
0x00007ffe08df0000 - 0x00007ffe08e1b000 	C:\WINDOWS\SYSTEM32\WINMMBASE.dll
0x00007ffe0b760000 - 0x00007ffe0b7a2000 	C:\WINDOWS\System32\cfgmgr32.dll
0x00007ffe09b00000 - 0x00007ffe09b0f000 	C:\Program Files\Android\Android Studio\jre\jre\bin\verify.dll
0x00007ffe01520000 - 0x00007ffe01549000 	C:\Program Files\Android\Android Studio\jre\jre\bin\java.dll
0x00007ffe00db0000 - 0x00007ffe00dc6000 	C:\Program Files\Android\Android Studio\jre\jre\bin\zip.dll
0x00007ffe0c6e0000 - 0x00007ffe0dbe9000 	C:\WINDOWS\System32\SHELL32.dll
0x00007ffe0bad0000 - 0x00007ffe0c1aa000 	C:\WINDOWS\System32\windows.storage.dll
0x00007ffe0b360000 - 0x00007ffe0b3ac000 	C:\WINDOWS\System32\powrprof.dll
0x00007ffe0dd70000 - 0x00007ffe0ddc2000 	C:\WINDOWS\System32\shlwapi.dll
0x00007ffe0b350000 - 0x00007ffe0b35f000 	C:\WINDOWS\System32\kernel.appcore.dll
0x00007ffe0c1b0000 - 0x00007ffe0c259000 	C:\WINDOWS\System32\shcore.dll
0x00007ffe0b3c0000 - 0x00007ffe0b3d4000 	C:\WINDOWS\System32\profapi.dll
0x00007ffdff9d0000 - 0x00007ffdff9ea000 	C:\Program Files\Android\Android Studio\jre\jre\bin\net.dll
0x00007ffe0a980000 - 0x00007ffe0a9dc000 	C:\WINDOWS\system32\mswsock.dll
0x00007ffdff9b0000 - 0x00007ffdff9c1000 	C:\Program Files\Android\Android Studio\jre\jre\bin\nio.dll
0x00007ffdfb710000 - 0x00007ffdfb72e000 	C:\Users\ACECR\.gradle\native\23\windows-amd64\native-platform.dll
0x00007ffe0b130000 - 0x00007ffe0b147000 	C:\WINDOWS\SYSTEM32\CRYPTSP.dll
0x00007ffe0a580000 - 0x00007ffe0a5b3000 	C:\WINDOWS\system32\rsaenh.dll
0x00007ffe0af60000 - 0x00007ffe0af8b000 	C:\WINDOWS\SYSTEM32\bcrypt.dll
0x00007ffe0a800000 - 0x00007ffe0a81f000 	C:\WINDOWS\SYSTEM32\USERENV.dll
0x00007ffe0ab20000 - 0x00007ffe0ab2b000 	C:\WINDOWS\SYSTEM32\CRYPTBASE.dll
0x00007ffe0a700000 - 0x00007ffe0a738000 	C:\WINDOWS\SYSTEM32\IPHLPAPI.DLL
0x00007ffe0e0c0000 - 0x00007ffe0e0c8000 	C:\WINDOWS\System32\NSI.dll
0x00007ffe05c50000 - 0x00007ffe05c66000 	C:\WINDOWS\SYSTEM32\dhcpcsvc6.DLL
0x00007ffe05c30000 - 0x00007ffe05c4a000 	C:\WINDOWS\SYSTEM32\dhcpcsvc.DLL
0x00007ffe051a0000 - 0x00007ffe051ad000 	C:\Program Files\Android\Android Studio\jre\jre\bin\management.dll
0x00007ffdfc1b0000 - 0x00007ffdfc342000 	C:\WINDOWS\SYSTEM32\dbghelp.dll

VM Arguments:
jvm_args: -Xmx1536m -Dfile.encoding=windows-1252 -Duser.country=US -Duser.language=en -Duser.variant 
java_command: org.gradle.launcher.daemon.bootstrap.GradleDaemon 3.3
java_class_path (initial): C:\Users\ACECR\.gradle\wrapper\dists\gradle-3.3-all\55gk2rcmfc6p2dg9u9ohc3hw9\gradle-3.3\lib\gradle-launcher-3.3.jar
Launcher Type: SUN_STANDARD

Environment Variables:
PATH=C:\ProgramData\Oracle\Java\javapath;C:\Python27\;C:\Python27\Scripts;C:\WINDOWS\system32;C:\WINDOWS;C:\WINDOWS\System32\Wbem;C:\WINDOWS\System32\WindowsPowerShell\v1.0\;C:\WINDOWS\system32\config\systemprofile\.dnx\bin;C:\Program Files\Microsoft DNX\Dnvm\;C:\Program Files (x86)\Skype\Phone\;C:\Program Files\Git\cmd;C:\ProgramData\chocolatey\bin;C:\Program Files\nodejs\;C:\Program Files (x86)\Yarn\bin;C:\Python27\;C:\Python27\Scripts;C:\WINDOWS\system32;C:\WINDOWS;C:\WINDOWS\System32\Wbem;C:\WINDOWS\System32\WindowsPowerShell\v1.0\;C:\Users\ACECR\.dnx\bin;C:\Program Files\Microsoft DNX\Dnvm\;C:\Program Files (x86)\Skype\Phone\;C:\Program Files\Git\cmd;C:\ProgramData\chocolatey\bin;C:\Program Files\nodejs\;C:\Python27\;C:\Python27\Scripts;C:\WINDOWS\system32;C:\WINDOWS;C:\WINDOWS\System32\Wbem;C:\WINDOWS\System32\WindowsPowerShell\v1.0\;C:\WINDOWS\system32\config\systemprofile\.dnx\bin;C:\Program Files\Microsoft DNX\Dnvm\;C:\Program Files (x86)\Skype\Phone\;C:\Program Files\Git\cmd;C:\ProgramData\chocolatey\bin;C:\Program Files\nodejs\;C:\Users\ACECR\AppData\Local\Microsoft\WindowsApps;C:\Users\ACECR\AppData\Roaming\Dashlane\4.6.8.26847\bin\Firefox_Extension\{442718d9-475e-452a-b3e1-fb1ee16b8e9f}\components;C:\Users\ACECR\AppData\Roaming\npm;C:\Program Files\android-sdk-windows\platform-tools;C:\Users\ACECR\AppData\Local\Android\sdk\platform-tools;C:\Users\ACECR\AppData\Local\Yarn\.bin
USERNAME=ACECR
OS=Windows_NT
PROCESSOR_IDENTIFIER=Intel64 Family 6 Model 37 Stepping 5, GenuineIntel



---------------  S Y S T E M  ---------------

OS: Windows 10.0 , 64 bit Build 14393 (10.0.14393.0)

CPU:total 4 (2 cores per cpu, 2 threads per core) family 6 model 37 stepping 5, cmov, cx8, fxsr, mmx, sse, sse2, sse3, ssse3, sse4.1, sse4.2, popcnt, ht, tsc, tscinvbit

Memory: 4k page, physical 8051408k(2146708k free), swap 16177872k(7422188k free)

vm_info: OpenJDK 64-Bit Server VM (25.112-b06) for windows-amd64 JRE (1.8.0_112-release-b06), built on Dec  8 2016 00:54:26 by "builder" with MS VC++ 10.0 (VS2010)

time: Thu Apr 06 09:16:45 2017
elapsed time: 7 seconds (0d 0h 0m 7s)

